<?xml version="1.0" encoding="UTF-8"?>
<!-- Generated by org.testng.reporters.JUnitXMLReporter -->
<testsuite ignored="0" hostname="LTIN396610" failures="0" tests="1" name="Test" time="28.273" errors="0" timestamp="2024-06-06T17:58:58 IST">
  <testcase classname="com.UITests.basePackage.BaseTest" name="@AfterMethod closeBrowser" time="2.094">
    <failure type="java.lang.NullPointerException">
      <![CDATA[java.lang.NullPointerException
at com.UITests.basePackage.BaseTest.closeBrowser(BaseTest.java:106)
at java.base/java.util.ArrayList.forEach(ArrayList.java:1541)
... Removed 32 stack frames]]>
    </failure>
  </testcase> <!-- @AfterMethod closeBrowser -->
  <testcase classname="com.UITests.tests.ToolsQaSampleTest" name="OrderegPizzaTest" time="0.614"/>
</testsuite> <!-- Test -->
