<?xml version="1.0" encoding="UTF-8"?>
<!-- Generated by org.testng.reporters.JUnitXMLReporter -->
<testsuite ignored="2" hostname="LTIN444974" failures="0" tests="3" name="Microservices test" time="3.485" errors="0" timestamp="2023-08-01T19:08:33 IST">
  <testcase classname="com.MicroserviceTesting.GetUsersList_DetailsTest" name="getAllUserTest" time="2.329"/>
  <testcase classname="com.MicroserviceTesting.CreateUser_DataDrivenTest" name="addBook" time="0.56"/>
  <testcase classname="com.MicroserviceTesting.CreateUser_DataDrivenTest" name="addBook" time="0.52"/>
  <testcase classname="baseTestPackage.BaseTest_TestNG" name="@BeforeSuite startTest" time="0.0">
    <ignored/>
  </testcase> <!-- @BeforeSuite startTest -->
  <testcase classname="baseTestPackage.BaseTest_TestNG" name="@AfterSuite endTest" time="0.0">
    <ignored/>
  </testcase> <!-- @AfterSuite endTest -->
</testsuite> <!-- Microservices test -->
