<?xml version="1.0" encoding="UTF-8"?>
<!-- Generated by org.testng.reporters.JUnitXMLReporter -->
<testsuite ignored="6" hostname="LTIN444974" failures="0" tests="4" name="Kaffka Producer test" time="24.18" errors="0" timestamp="2023-04-28T10:48:21 IST">
  <testcase classname="com.KAFKATESTING.ProducerTest.SingleProducerSingleMessageTest" name="ProducerWithSingleJsonMessages" time="0.103"/>
  <testcase classname="com.KAFKATESTING.ProducerTest.SingleProducerMultipleMessageTest" name="ProducerWithMultipleMessages" time="0.102"/>
  <testcase classname="com.KAFKATESTING.ProducerTest.MultipleProducerTest" name="MultipleProducerWithJSONMessages" time="0.088"/>
  <testcase classname="com.KAFKATESTING.ProducerTest.KafkaAvroProducer" name="avroProducer" time="0.349"/>
  <testcase classname="baseTestPackage.BaseTest_TestNG" name="@AfterSuite endTest" time="0.0">
    <ignored/>
  </testcase> <!-- @AfterSuite endTest -->
  <testcase classname="baseTestPackage.BaseTest_TestNG" name="@AfterSuite endTest" time="0.0">
    <ignored/>
  </testcase> <!-- @AfterSuite endTest -->
  <testcase classname="baseTestPackage.BaseTest_TestNG" name="@BeforeSuite startTest" time="0.0">
    <ignored/>
  </testcase> <!-- @BeforeSuite startTest -->
  <testcase classname="baseTestPackage.BaseTest_TestNG" name="@BeforeSuite startTest" time="0.0">
    <ignored/>
  </testcase> <!-- @BeforeSuite startTest -->
  <testcase classname="baseTestPackage.BaseTest_TestNG" name="@BeforeSuite startTest" time="0.0">
    <ignored/>
  </testcase> <!-- @BeforeSuite startTest -->
  <testcase classname="baseTestPackage.BaseTest_TestNG" name="@AfterSuite endTest" time="0.0">
    <ignored/>
  </testcase> <!-- @AfterSuite endTest -->
</testsuite> <!-- Kaffka Producer test -->
