<?xml version="1.0" encoding="UTF-8"?>
<!-- Generated by org.testng.reporters.JUnitXMLReporter -->
<testsuite ignored="2" hostname="LTIN444974" failures="0" tests="2" name="Kaffka Broker test" time="12.716" errors="0" timestamp="2023-04-28T10:49:05 IST">
  <testcase classname="com.KAFKATESTING.BrokerTest.ProducerBrokerMultiplePartitionTest" name="ProducerWithStringMessages" time="0.112"/>
  <testcase classname="com.KAFKATESTING.BrokerTest.ConsumerBrokerMultiplePartitionTest" name="ConsumerWithStringMessages" time="3.236"/>
  <testcase classname="baseTestPackage.BaseTest_TestNG" name="@BeforeSuite startTest" time="0.0">
    <ignored/>
  </testcase> <!-- @BeforeSuite startTest -->
  <testcase classname="baseTestPackage.BaseTest_TestNG" name="@AfterSuite endTest" time="0.0">
    <ignored/>
  </testcase> <!-- @AfterSuite endTest -->
</testsuite> <!-- Kaffka Broker test -->
