<?xml version="1.0" encoding="UTF-8"?>
<!-- Generated by org.testng.reporters.JUnitXMLReporter -->
<testsuite ignored="6" hostname="LTIN444974" failures="0" tests="4" name="Kaffka Consumer test" time="31.897" errors="0" timestamp="2023-04-28T10:48:53 IST">
  <testcase classname="com.KAFKATESTING.ConsumerTest.SingleConsumerSingleMessageTest" name="ConsumerWithSingleJsonMessages" time="0.074"/>
  <testcase classname="com.KAFKATESTING.ConsumerTest.SingleCosumerMutipleMessageTest" name="ConsumerWithMultipleMessages" time="3.419"/>
  <testcase classname="com.KAFKATESTING.ConsumerTest.MultipleConsumerSingleMessageTest" name="MultipleConsumerMessages" time="6.297"/>
  <testcase classname="com.KAFKATESTING.ConsumerTest.KafkaAvroConsumer" name="AvroConsumer" time="3.24"/>
  <testcase classname="baseTestPackage.BaseTest_TestNG" name="@BeforeSuite startTest" time="0.0">
    <ignored/>
  </testcase> <!-- @BeforeSuite startTest -->
  <testcase classname="baseTestPackage.BaseTest_TestNG" name="@BeforeSuite startTest" time="0.0">
    <ignored/>
  </testcase> <!-- @BeforeSuite startTest -->
  <testcase classname="baseTestPackage.BaseTest_TestNG" name="@AfterSuite endTest" time="0.0">
    <ignored/>
  </testcase> <!-- @AfterSuite endTest -->
  <testcase classname="baseTestPackage.BaseTest_TestNG" name="@AfterSuite endTest" time="0.0">
    <ignored/>
  </testcase> <!-- @AfterSuite endTest -->
  <testcase classname="baseTestPackage.BaseTest_TestNG" name="@BeforeSuite startTest" time="0.0">
    <ignored/>
  </testcase> <!-- @BeforeSuite startTest -->
  <testcase classname="baseTestPackage.BaseTest_TestNG" name="@AfterSuite endTest" time="0.0">
    <ignored/>
  </testcase> <!-- @AfterSuite endTest -->
</testsuite> <!-- Kaffka Consumer test -->
