<?xml version="1.0" encoding="UTF-8"?>
<!-- Generated by org.testng.reporters.JUnitXMLReporter -->
<testsuite ignored="1" hostname="LTIN396610" failures="0" tests="1" name="PACT Contract Test" time="13.217" errors="0" timestamp="2024-01-31T15:03:43 IST">
  <testcase classname="com.Test.Execution.PactTest" name="testSchemaValidationTest" time="13.161"/>
  <testcase classname="com.Test.Execution.PactTest" name="testContractPact" time="0.0">
    <ignored/>
  </testcase> <!-- testContractPact -->
</testsuite> <!-- PACT Contract Test -->
