<?xml version="1.0" encoding="UTF-8"?>
<!-- Generated by org.testng.reporters.JUnitXMLReporter -->
<testsuite ignored="4" hostname="LTIN396610" failures="0" tests="1" name="Default test" time="4.05" errors="0" timestamp="2024-06-07T12:44:28 IST">
  <testcase classname="com.APISchemaValidation.SchemaValidation_Fail" name="GetBookerID" time="3.998"/>
  <testcase classname="com.APISchemaValidation.SchemaValidation_Fail" name="GetNullCheckValidation" time="0.0">
    <ignored/>
  </testcase> <!-- GetNullCheckValidation -->
  <testcase classname="com.APISchemaValidation.SchemaValidation_Fail" name="GetArrayValidation" time="0.0">
    <ignored/>
  </testcase> <!-- GetArrayValidation -->
  <testcase classname="com.APISchemaValidation.SchemaValidation_Fail" name="GetLengthValidation" time="0.0">
    <ignored/>
  </testcase> <!-- GetLengthValidation -->
  <testcase classname="com.APISchemaValidation.SchemaValidation_Fail" name="GetPost" time="0.0">
    <ignored/>
  </testcase> <!-- GetPost -->
</testsuite> <!-- Default test -->
