<?xml version="1.0" encoding="UTF-8"?>
<testng-results ignored="4" total="5" passed="1" failed="0" skipped="0">
  <reporter-output>
  </reporter-output>
  <suite started-at="2024-06-07T12:44:24 IST" name="Default suite" finished-at="2024-06-07T12:44:28 IST" duration-ms="4050">
    <groups>
    </groups>
    <test started-at="2024-06-07T12:44:24 IST" name="Default test" finished-at="2024-06-07T12:44:28 IST" duration-ms="4050">
      <class name="com.APISchemaValidation.SchemaValidation_Fail">
        <test-method is-config="true" signature="startTest()[pri:0, instance:com.APISchemaValidation.SchemaValidation_Fail@3f07b12c]" started-at="2024-06-07T12:44:24 IST" name="startTest" finished-at="2024-06-07T12:44:24 IST" duration-ms="615" status="PASS">
          <reporter-output>
          </reporter-output>
        </test-method> <!-- startTest -->
        <test-method signature="GetBookerID()[pri:1, instance:com.APISchemaValidation.SchemaValidation_Fail@3f07b12c]" started-at="2024-06-07T12:44:24 IST" name="GetBookerID" finished-at="2024-06-07T12:44:28 IST" duration-ms="3998" status="PASS">
          <reporter-output>
          </reporter-output>
        </test-method> <!-- GetBookerID -->
        <test-method is-config="true" signature="endTest()[pri:0, instance:com.APISchemaValidation.SchemaValidation_Fail@3f07b12c]" started-at="2024-06-07T12:44:28 IST" name="endTest" finished-at="2024-06-07T12:44:29 IST" duration-ms="459" status="PASS">
          <reporter-output>
          </reporter-output>
        </test-method> <!-- endTest -->
      </class> <!-- com.APISchemaValidation.SchemaValidation_Fail -->
    </test> <!-- Default test -->
  </suite> <!-- Default suite -->
</testng-results>
